<?xml version="1.0" encoding="UTF-8"?>
<!-- Generated by org.testng.reporters.JUnitReportReporter -->
<testsuite hostname="LAPTOP-BIM2FR3V" failures="0" tests="1" name="testScenarios.CheckAndRadBtns" time="14.219" errors="0" timestamp="2024-11-28T20:19:18 IST" skipped="0">
  <testcase classname="testScenarios.CheckAndRadBtns" name="verifyChkAndRadBtns" time="14.219"/>
  <system-out/>
</testsuite> <!-- testScenarios.CheckAndRadBtns -->
