<?xml version="1.0" encoding="UTF-8"?>
<!-- Generated by org.testng.reporters.JUnitReportReporter -->
<testsuite hostname="LAPTOP-BIM2FR3V" failures="0" tests="1" name="testScenarios.ReadFrmWebTable" time="10.660" errors="0" timestamp="2024-11-28T20:19:18 IST" skipped="0">
  <testcase classname="testScenarios.ReadFrmWebTable" name="readFrmTable" time="10.660"/>
  <system-out/>
</testsuite> <!-- testScenarios.ReadFrmWebTable -->
