<?xml version="1.0" encoding="UTF-8"?>
<!-- Generated by org.testng.reporters.JUnitReportReporter -->
<testsuite hostname="LAPTOP-BIM2FR3V" failures="0" tests="3" name="testScenarios.Rediff" time="5.412" errors="0" timestamp="2024-11-28T20:19:18 IST" skipped="0">
  <testcase classname="testScenarios.Rediff" name="openRediff" time="4.076"/>
  <system-out/>
  <testcase classname="testScenarios.Rediff" name="loginRediff" time="0.026"/>
  <system-out/>
  <testcase classname="testScenarios.Rediff" name="closeRediff" time="1.310"/>
  <system-out/>
</testsuite> <!-- testScenarios.Rediff -->
