<?xml version="1.0" encoding="UTF-8"?>
<!-- Generated by org.testng.reporters.JUnitReportReporter -->
<testsuite hostname="LAPTOP-BIM2FR3V" failures="0" tests="3" name="testScenarios.DP_Exp" time="0.009" errors="0" timestamp="2024-11-28T20:19:18 IST" skipped="0">
  <testcase classname="testScenarios.DP_Exp" name="login" time="0.001"/>
  <system-out/>
  <testcase classname="testScenarios.DP_Exp" name="login" time="0.007"/>
  <system-out/>
  <testcase classname="testScenarios.DP_Exp" name="login" time="0.001"/>
  <system-out/>
</testsuite> <!-- testScenarios.DP_Exp -->
