<?xml version="1.0" encoding="UTF-8"?>
<!-- Generated by org.testng.reporters.JUnitReportReporter -->
<testsuite hostname="LAPTOP-BIM2FR3V" failures="0" tests="1" name="testScenarios.SwitchingWind" time="7.791" errors="0" timestamp="2024-11-28T20:35:42 IST" skipped="0">
  <testcase classname="testScenarios.SwitchingWind" name="switchWin" time="7.791"/>
</testsuite> <!-- testScenarios.SwitchingWind -->
