<?xml version="1.0" encoding="UTF-8"?>
<!-- Generated by org.testng.reporters.JUnitReportReporter -->
<testsuite hostname="LAPTOP-BIM2FR3V" failures="0" tests="3" name="testScenarios.CompareWebTableData" time="6.775" errors="0" timestamp="2024-11-28T20:35:42 IST" skipped="0">
  <testcase classname="testScenarios.CompareWebTableData" name="readFrmTextFile" time="0.002"/>
  <testcase classname="testScenarios.CompareWebTableData" name="readFrmWebTable" time="6.772"/>
  <testcase classname="testScenarios.CompareWebTableData" name="compareWebTable" time="0.001"/>
</testsuite> <!-- testScenarios.CompareWebTableData -->
