<?xml version="1.0" encoding="UTF-8"?>
<!-- Generated by org.testng.reporters.JUnitReportReporter -->
<testsuite hostname="LAPTOP-BIM2FR3V" failures="0" tests="1" name="testScenarios.ThruTextFile" time="0.005" errors="0" timestamp="2024-11-28T20:35:42 IST" skipped="0">
  <testcase classname="testScenarios.ThruTextFile" name="writeAndReadFrmTextFile" time="0.005"/>
</testsuite> <!-- testScenarios.ThruTextFile -->
