<?xml version="1.0" encoding="UTF-8"?>
<!-- Generated by org.testng.reporters.JUnitReportReporter -->
<testsuite hostname="LAPTOP-BIM2FR3V" failures="0" tests="3" name="testScenarios.DP_Exp" time="0.016" errors="0" timestamp="2024-11-28T20:35:42 IST" skipped="0">
  <testcase classname="testScenarios.DP_Exp" name="login" time="0.001"/>
  <testcase classname="testScenarios.DP_Exp" name="login" time="0.003"/>
  <testcase classname="testScenarios.DP_Exp" name="login" time="0.012"/>
</testsuite> <!-- testScenarios.DP_Exp -->
