<?xml version="1.0" encoding="UTF-8"?>
<!-- Generated by org.testng.reporters.JUnitReportReporter -->
<testsuite hostname="LAPTOP-BIM2FR3V" failures="0" tests="3" name="testScenarios.Rediff" time="4.649" errors="0" timestamp="2024-11-28T20:35:42 IST" skipped="0">
  <testcase classname="testScenarios.Rediff" name="openRediff" time="3.316"/>
  <testcase classname="testScenarios.Rediff" name="loginRediff" time="0.011"/>
  <testcase classname="testScenarios.Rediff" name="closeRediff" time="1.322"/>
</testsuite> <!-- testScenarios.Rediff -->
