<?xml version="1.0" encoding="UTF-8"?>
<!-- Generated by org.testng.reporters.JUnitReportReporter -->
<testsuite hostname="LAPTOP-BIM2FR3V" failures="0" tests="1" name="testScenarios.MouseHover" time="4.839" errors="0" timestamp="2024-11-28T20:35:42 IST" skipped="0">
  <testcase classname="testScenarios.MouseHover" name="dragAndDrop" time="4.839"/>
</testsuite> <!-- testScenarios.MouseHover -->
